<?xml version="1.0" encoding="UTF-8"?>
<testsuite xmlns:xsi="http://www.w3.org/2001/XMLSchema-instance" xsi:noNamespaceSchemaLocation="https://maven.apache.org/surefire/maven-surefire-plugin/xsd/surefire-test-report-3.0.xsd" version="3.0" name="inf112.skeleton.app.ExampleTest" time="0.251" tests="8" errors="0" skipped="0" failures="0">
  <properties>
[...]
</properties>
  <testcase name="dummy1" classname="inf112.skeleton.app.ExampleTest" time="0.038"/>
  <testcase name="dummy2" classname="inf112.skeleton.app.ExampleTest" time="0.002"/>
  <testcase name="addTest(int, int, int)[1]" classname="inf112.skeleton.app.ExampleTest" time="0.029"/>
  <testcase name="addTest(int, int, int)[2]" classname="inf112.skeleton.app.ExampleTest" time="0.003"/>
  <testcase name="addTest(int, int, int)[3]" classname="inf112.skeleton.app.ExampleTest" time="0.002"/>
  <testcase name="addTest(int, int, int)[4]" classname="inf112.skeleton.app.ExampleTest" time="0.002"/>
  <testcase name="addTest(int, int, int)[5]" classname="inf112.skeleton.app.ExampleTest" time="0.002"/>
  <testcase name="addTest(int, int, int)[6]" classname="inf112.skeleton.app.ExampleTest" time="0.002"/>
</testsuite>